[batch\VerifExisteArquivo.bat] 
    Verifica se existe arquivo: transf\EnviaBasesLogOn.txt   
 
[VERSAO 2.0]
   20051214 1355
[batch\VerifExisteArquivo.bat] 
    ERRO : Arquivo nao encontrado: transf\EnviaBasesLogOn.txt  
 
[batch\VerifExisteArquivo.bat] 
    Verifica se existe arquivo: transf\EnviaBasesLogOn.txt   
 
[VERSAO 2.0]
   20051214 1355
[batch\VerifExisteArquivo.bat] 
    ERRO : Arquivo nao encontrado: transf\EnviaBasesLogOn.txt  
 
[batch\VerifExisteArquivo.bat] 
    Verifica se existe arquivo: transf\EnviaBasesLogOn.txt   
 
[batch\DeletaArquivo.bat] 
    Deleta arquivo: log\EnviaBasesScieloPadrao.log     
 
[batch\VerifExisteArquivo.bat] 
    Verifica se existe arquivo: transf\EnviaBasesLogOn.txt   
 
[batch\DeletaArquivo.bat] 
    Deleta arquivo: log\EnviaBasesScieloPadrao.log     
 
[batch\VerifExisteArquivo.bat] 
    Verifica se existe arquivo: transf\EnviaBasesLogOn.txt   
 
[batch\DeletaArquivo.bat] 
    Deleta arquivo: log\EnviaBasesScieloPadrao.log     
 
[batch\VerifExisteArquivo.bat] 
    Verifica se existe arquivo: transf\EnviaBasesLogOn.txt   
 
[batch\DeletaArquivo.bat] 
    Deleta arquivo: log\EnviaBasesScieloPadrao.log     
 
[batch\VerifExisteArquivo.bat] 
    Verifica se existe arquivo: transf\EnviaBasesLogOn.txt   
 
[batch\DeletaArquivo.bat] 
    Deleta arquivo: log\EnviaBasesScieloPadrao.log     
 
[batch\VerifExisteArquivo.bat] 
    Verifica se existe arquivo: transf\EnviaBasesLogOn.txt   
 
[batch\DeletaArquivo.bat] 
    Deleta arquivo: log\EnviaBasesScieloPadrao.log     
 
[batch\VerifExisteArquivo.bat] 
    Verifica se existe arquivo: transf\EnviaBasesLogOn.txt   
 
[batch\DeletaArquivo.bat] 
    Deleta arquivo: log\EnviaBasesScieloPadrao.log     
 
[VERSAO 2.0]
   20060316 0954
["C:\SciELOProceedings\web\proc\EnviaBasesSciELO.bat"] 
    ERRO : Falta parametro: path da producao 
 
[batch\VerifExisteArquivo.bat] 
    Verifica se existe arquivo: transf\EnviaBasesLogOn.txt   
 
[batch\DeletaArquivo.bat] 
    Deleta arquivo: log\EnviaBasesScieloPadrao.log     
 
[batch\VerifExisteArquivo.bat] 
    Verifica se existe arquivo: transf\EnviaBasesLogOn.txt   
 
[batch\DeletaArquivo.bat] 
    Deleta arquivo: log\EnviaBasesScieloPadrao.log     
 
[batch\VerifExisteArquivo.bat] 
    Verifica se existe arquivo: transf\EnviaBasesLogOn.txt   
 
[batch\DeletaArquivo.bat] 
    Deleta arquivo: log\EnviaBasesScieloPadrao.log     
 
[batch\VerifExisteArquivo.bat] 
    Verifica se existe arquivo: transf\EnviaBasesLogOn.txt   
 
[batch\DeletaArquivo.bat] 
    Deleta arquivo: log\EnviaBasesScieloPadrao.log     
 
[batch\VerifExisteArquivo.bat] 
    Verifica se existe arquivo: transf\EnviaBasesLogOn.txt   
 
[batch\DeletaArquivo.bat] 
    Deleta arquivo: log\EnviaBasesScieloPadrao.log     
 
[batch\VerifExisteArquivo.bat] 
    Verifica se existe arquivo: transf\EnviaBasesLogOn.txt   
 
[batch\DeletaArquivo.bat] 
    Deleta arquivo: log\EnviaBasesScieloPadrao.log     
 
[batch\VerifExisteArquivo.bat] 
    Verifica se existe arquivo: transf\EnviaBasesLogOn.txt   
 
[batch\DeletaArquivo.bat] 
    Deleta arquivo: log\EnviaBasesScieloPadrao.log     
 
[batch\VerifExisteArquivo.bat] 
    Verifica se existe arquivo: transf\EnviaBasesLogOn.txt   
 
[batch\DeletaArquivo.bat] 
    Deleta arquivo: log\EnviaBasesScieloPadrao.log     
 
[batch\VerifExisteArquivo.bat] 
    Verifica se existe arquivo: transf\EnviaBasesLogOn.txt   
 
[batch\DeletaArquivo.bat] 
    Deleta arquivo: log\EnviaBasesScieloPadrao.log     
 
[batch\VerifExisteArquivo.bat] 
    Verifica se existe arquivo: transf\EnviaBasesLogOn.txt   
 
[batch\DeletaArquivo.bat] 
    Deleta arquivo: log\EnviaBasesScieloPadrao.log     
 
[batch\VerifExisteArquivo.bat] 
    Verifica se existe arquivo: transf\EnviaBasesLogOn.txt   
 
[batch\DeletaArquivo.bat] 
    Deleta arquivo: log\EnviaBasesScieloPadrao.log     
 
[batch\VerifExisteArquivo.bat] 
    Verifica se existe arquivo: transf\EnviaBasesLogOn.txt   
 
[batch\DeletaArquivo.bat] 
    Deleta arquivo: log\EnviaBasesScieloPadrao.log     
 
[batch\VerifExisteArquivo.bat] 
    Verifica se existe arquivo: transf\EnviaBasesLogOn.txt   
 
[batch\DeletaArquivo.bat] 
    Deleta arquivo: log\EnviaBasesScieloPadrao.log     
 
[batch\VerifExisteArquivo.bat] 
    Verifica se existe arquivo: transf\EnviaBasesLogOn.txt   
 
[batch\DeletaArquivo.bat] 
    Deleta arquivo: log\EnviaBasesScieloPadrao.log     
 
[batch\VerifExisteArquivo.bat] 
    Verifica se existe arquivo: transf\EnviaBasesLogOn.txt   
 
[batch\DeletaArquivo.bat] 
    Deleta arquivo: log\EnviaBasesScieloPadrao.log     
 
[batch\VerifExisteArquivo.bat] 
    Verifica se existe arquivo: transf\EnviaBasesLogOn.txt   
 
[batch\DeletaArquivo.bat] 
    Deleta arquivo: log\EnviaBasesScieloPadrao.log     
 
[batch\VerifExisteArquivo.bat] 
    Verifica se existe arquivo: transf\EnviaBasesLogOn.txt   
 
[batch\DeletaArquivo.bat] 
    Deleta arquivo: log\EnviaBasesScieloPadrao.log     
 
[batch\VerifExisteArquivo.bat] 
    Verifica se existe arquivo: transf\EnviaBasesLogOn.txt   
 
[batch\DeletaArquivo.bat] 
    Deleta arquivo: log\EnviaBasesScieloPadrao.log     
 
[batch\VerifExisteArquivo.bat] 
    Verifica se existe arquivo: transf\EnviaBasesLogOn.txt   
 
[batch\DeletaArquivo.bat] 
    Deleta arquivo: log\EnviaBasesScieloPadrao.log     
 
[batch\VerifExisteArquivo.bat] 
    Verifica se existe arquivo: transf\EnviaBasesLogOn.txt   
 
[batch\DeletaArquivo.bat] 
    Deleta arquivo: log\EnviaBasesScieloPadrao.log     
 
[batch\VerifExisteArquivo.bat] 
    Verifica se existe arquivo: transf\EnviaBasesLogOn.txt   
 
[batch\DeletaArquivo.bat] 
    Deleta arquivo: log\EnviaBasesScieloPadrao.log     
 
[batch\VerifExisteArquivo.bat] 
    Verifica se existe arquivo: transf\EnviaBasesLogOn.txt   
 
[batch\DeletaArquivo.bat] 
    Deleta arquivo: log\EnviaBasesScieloPadrao.log     
 
[batch\VerifExisteArquivo.bat] 
    Verifica se existe arquivo: transf\EnviaBasesLogOn.txt   
 
[batch\DeletaArquivo.bat] 
    Deleta arquivo: log\EnviaBasesScieloPadrao.log     
 
[batch\VerifExisteArquivo.bat] 
    Verifica se existe arquivo: transf\EnviaBasesLogOn.txt   
 
[batch\DeletaArquivo.bat] 
    Deleta arquivo: log\EnviaBasesScieloPadrao.log     
 
[batch\VerifExisteArquivo.bat] 
    Verifica se existe arquivo: transf\EnviaBasesLogOn.txt   
 
[batch\DeletaArquivo.bat] 
    Deleta arquivo: log\EnviaBasesScieloPadrao.log     
 
[batch\VerifExisteArquivo.bat] 
    Verifica se existe arquivo: transf\EnviaBasesLogOn.txt   
 
[batch\DeletaArquivo.bat] 
    Deleta arquivo: log\EnviaBasesScieloPadrao.log     
 
